[debug] [2018-05-07T12:46:56.735Z] ----------------------------------------------------------------------
[debug] [2018-05-07T12:46:56.738Z] Command:       /usr/local/bin/node /usr/local/bin/firebase serve --only functions
[debug] [2018-05-07T12:46:56.738Z] CLI Version:   3.18.4
[debug] [2018-05-07T12:46:56.738Z] Platform:      darwin
[debug] [2018-05-07T12:46:56.738Z] Node Version:  v9.10.1
[debug] [2018-05-07T12:46:56.738Z] Time:          Mon May 07 2018 14:46:56 GMT+0200 (CEST)
[debug] [2018-05-07T12:46:56.738Z] ----------------------------------------------------------------------
[debug] 
[debug] [2018-05-07T12:46:56.748Z] > command requires scopes: ["email","openid","https://www.googleapis.com/auth/cloudplatformprojects.readonly","https://www.googleapis.com/auth/firebase","https://www.googleapis.com/auth/cloud-platform"]
[debug] [2018-05-07T12:46:56.748Z] > authorizing via signed-in user
[debug] [2018-05-07T12:46:56.750Z] >>> HTTP REQUEST GET https://admin.firebase.com/v1/projects/next-001  
  
 Mon May 07 2018 14:46:56 GMT+0200 (CEST)
[debug] [2018-05-07T12:46:57.467Z] <<< HTTP RESPONSE 200
[debug] [2018-05-07T12:46:57.467Z] >>> HTTP REQUEST GET https://admin.firebase.com/v1/database/next-001/tokens  
  
 Mon May 07 2018 14:46:57 GMT+0200 (CEST)
[debug] [2018-05-07T12:46:58.066Z] <<< HTTP RESPONSE 200
[debug] [2018-05-07T12:46:58.068Z] >>> HTTP REQUEST GET https://cloudresourcemanager.googleapis.com/v1/projects/next-001  
  
 Mon May 07 2018 14:46:58 GMT+0200 (CEST)
[debug] [2018-05-07T12:46:59.172Z] <<< HTTP RESPONSE 200
[info] 
[info] === Serving from '/Users/Jan/Developer/Angular/Next'...
[info] 
[info] i  functions: Preparing to emulate functions.
[debug] [2018-05-07T12:46:59.996Z] Fetching environment
[debug] [2018-05-07T12:46:59.999Z] >>> HTTP REQUEST GET https://mobilesdk-pa.googleapis.com/v1/projects/526022804627:getServerAppConfig  
  
 Mon May 07 2018 14:46:59 GMT+0200 (CEST)
[debug] [2018-05-07T12:47:00.708Z] <<< HTTP RESPONSE 200
[debug] [2018-05-07T12:47:00.709Z] Starting @google-cloud/functions-emulator
[debug] [2018-05-07T12:47:02.275Z] Parsing function triggers
[info] ✔  functions: fetchStockMarkets: http://localhost:5000/next-001/us-central1/fetchStockMarkets
